Added Component: Designator=C1(KEMT-C315-THT-2)
Added Component: Designator=C2(KEMT-C315-THT-2)
Added Component: Designator=C3(FP-C322C104K5R5TA-MFG)
Added Component: Designator=J2(SMTC-MMS-104-01-X-SV)
Added Component: Designator=J2(SMTC-SQT-105-01-X-S-RA)
Added Component: Designator=Q1(FOX-FOXSLF160-20)
Added Component: Designator=Q2(LFXTAL020408BULK)
Add component (AddParameter): Name = "Arrow Part Number"; Value = ""; VariantName = "[No Variations]"
Add component (AddParameter): Name = "Arrow Price/Stock"; Value = ""; VariantName = "[No Variations]"
Add component (AddParameter): Name = "Datasheet Link"; Value = "https://hu.mouser.com/datasheet/2/741/LFXTAL020408Bulk-993044.pdf"; VariantName = "[No Variations]"
Add component (AddParameter): Name = "Height"; Value = "13.46mm"; VariantName = "[No Variations]"
Add component (AddParameter): Name = "Manufacturer_Name"; Value = "IQD"; VariantName = "[No Variations]"
Add component (AddParameter): Name = "Manufacturer_Part_Number"; Value = "LFXTAL020408BULK"; VariantName = "[No Variations]"
Add component (AddParameter): Name = "Mouser Part Number"; Value = "449-LFXTAL020408BULK"; VariantName = "[No Variations]"
Add component (AddParameter): Name = "Mouser Price/Stock"; Value = "https://www.mouser.co.uk/ProductDetail/IQD/LFXTAL020408Bulk?qs=e4%2FAndAAwgLuMnAnupy0Ng%3D%3D"; VariantName = "[No Variations]"
Add component (AddParameter): Name = "Mouser Testing Part Number"; Value = ""; VariantName = "[No Variations]"
Add component (AddParameter): Name = "Mouser Testing Price/Stock"; Value = ""; VariantName = "[No Variations]"
Added Component: Designator=R1(RESAD1550W60L630D230)
Add component (AddParameter): Name = "Arrow Part Number"; Value = ""; VariantName = "[No Variations]"
Add component (AddParameter): Name = "Arrow Price/Stock"; Value = ""; VariantName = "[No Variations]"
Add component (AddParameter): Name = "Datasheet Link"; Value = "https://www.mouser.es/datasheet/2/219/MF_MFS_RK-18760.pdf"; VariantName = "[No Variations]"
Add component (AddParameter): Name = "Manufacturer_Name"; Value = "KOA Speer"; VariantName = "[No Variations]"
Add component (AddParameter): Name = "Manufacturer_Part_Number"; Value = "MF1/4DCT52R4701F"; VariantName = "[No Variations]"
Add component (AddParameter): Name = "Mouser Part Number"; Value = "660-MF1/4DCT52R4701F"; VariantName = "[No Variations]"
Add component (AddParameter): Name = "Mouser Price/Stock"; Value = "https://www.mouser.co.uk/ProductDetail/KOA-Speer/MF1-4DCT52R4701F?qs=lzQMruFkPG0SZo59SVO1DA%3D%3D"; VariantName = "[No Variations]"
Add component (AddParameter): Name = "Mouser Testing Part Number"; Value = ""; VariantName = "[No Variations]"
Add component (AddParameter): Name = "Mouser Testing Price/Stock"; Value = ""; VariantName = "[No Variations]"
Added Component: Designator=R2(RESAD1550W60L630D230)
Add component (AddParameter): Name = "Arrow Part Number"; Value = ""; VariantName = "[No Variations]"
Add component (AddParameter): Name = "Arrow Price/Stock"; Value = ""; VariantName = "[No Variations]"
Add component (AddParameter): Name = "Datasheet Link"; Value = "https://www.mouser.es/datasheet/2/219/MF_MFS_RK-18760.pdf"; VariantName = "[No Variations]"
Add component (AddParameter): Name = "Manufacturer_Name"; Value = "KOA Speer"; VariantName = "[No Variations]"
Add component (AddParameter): Name = "Manufacturer_Part_Number"; Value = "MF1/4DCT52R4701F"; VariantName = "[No Variations]"
Add component (AddParameter): Name = "Mouser Part Number"; Value = "660-MF1/4DCT52R4701F"; VariantName = "[No Variations]"
Add component (AddParameter): Name = "Mouser Price/Stock"; Value = "https://www.mouser.co.uk/ProductDetail/KOA-Speer/MF1-4DCT52R4701F?qs=lzQMruFkPG0SZo59SVO1DA%3D%3D"; VariantName = "[No Variations]"
Add component (AddParameter): Name = "Mouser Testing Part Number"; Value = ""; VariantName = "[No Variations]"
Add component (AddParameter): Name = "Mouser Testing Price/Stock"; Value = ""; VariantName = "[No Variations]"
Added Component: Designator=R4(RESAD1550W60L630D230)
Add component (AddParameter): Name = "Arrow Part Number"; Value = ""; VariantName = "[No Variations]"
Add component (AddParameter): Name = "Arrow Price/Stock"; Value = ""; VariantName = "[No Variations]"
Add component (AddParameter): Name = "Datasheet Link"; Value = "https://www.mouser.es/datasheet/2/219/MF_MFS_RK-18760.pdf"; VariantName = "[No Variations]"
Add component (AddParameter): Name = "Manufacturer_Name"; Value = "KOA Speer"; VariantName = "[No Variations]"
Add component (AddParameter): Name = "Manufacturer_Part_Number"; Value = "MF1/4DCT52R4701F"; VariantName = "[No Variations]"
Add component (AddParameter): Name = "Mouser Part Number"; Value = "660-MF1/4DCT52R4701F"; VariantName = "[No Variations]"
Add component (AddParameter): Name = "Mouser Price/Stock"; Value = "https://www.mouser.co.uk/ProductDetail/KOA-Speer/MF1-4DCT52R4701F?qs=lzQMruFkPG0SZo59SVO1DA%3D%3D"; VariantName = "[No Variations]"
Add component (AddParameter): Name = "Mouser Testing Part Number"; Value = ""; VariantName = "[No Variations]"
Add component (AddParameter): Name = "Mouser Testing Price/Stock"; Value = ""; VariantName = "[No Variations]"
Added Component: Designator=R5(RESAD1550W60L630D230)
Add component (AddParameter): Name = "Arrow Part Number"; Value = ""; VariantName = "[No Variations]"
Add component (AddParameter): Name = "Arrow Price/Stock"; Value = ""; VariantName = "[No Variations]"
Add component (AddParameter): Name = "Datasheet Link"; Value = "https://www.mouser.es/datasheet/2/219/MF_MFS_RK-18760.pdf"; VariantName = "[No Variations]"
Add component (AddParameter): Name = "Manufacturer_Name"; Value = "KOA Speer"; VariantName = "[No Variations]"
Add component (AddParameter): Name = "Manufacturer_Part_Number"; Value = "MF1/4DCT52R4701F"; VariantName = "[No Variations]"
Add component (AddParameter): Name = "Mouser Part Number"; Value = "660-MF1/4DCT52R4701F"; VariantName = "[No Variations]"
Add component (AddParameter): Name = "Mouser Price/Stock"; Value = "https://www.mouser.co.uk/ProductDetail/KOA-Speer/MF1-4DCT52R4701F?qs=lzQMruFkPG0SZo59SVO1DA%3D%3D"; VariantName = "[No Variations]"
Add component (AddParameter): Name = "Mouser Testing Part Number"; Value = ""; VariantName = "[No Variations]"
Add component (AddParameter): Name = "Mouser Testing Price/Stock"; Value = ""; VariantName = "[No Variations]"
Added Component: Designator=R6(RESAD1550W60L630D230)
Add component (AddParameter): Name = "Arrow Part Number"; Value = ""; VariantName = "[No Variations]"
Add component (AddParameter): Name = "Arrow Price/Stock"; Value = ""; VariantName = "[No Variations]"
Add component (AddParameter): Name = "Datasheet Link"; Value = "https://www.mouser.es/datasheet/2/219/MF_MFS_RK-18760.pdf"; VariantName = "[No Variations]"
Add component (AddParameter): Name = "Manufacturer_Name"; Value = "KOA Speer"; VariantName = "[No Variations]"
Add component (AddParameter): Name = "Manufacturer_Part_Number"; Value = "MF1/4DCT52R4701F"; VariantName = "[No Variations]"
Add component (AddParameter): Name = "Mouser Part Number"; Value = "660-MF1/4DCT52R4701F"; VariantName = "[No Variations]"
Add component (AddParameter): Name = "Mouser Price/Stock"; Value = "https://www.mouser.co.uk/ProductDetail/KOA-Speer/MF1-4DCT52R4701F?qs=lzQMruFkPG0SZo59SVO1DA%3D%3D"; VariantName = "[No Variations]"
Add component (AddParameter): Name = "Mouser Testing Part Number"; Value = ""; VariantName = "[No Variations]"
Add component (AddParameter): Name = "Mouser Testing Price/Stock"; Value = ""; VariantName = "[No Variations]"
Added Component: Designator=SW?(FP-EVQ-PAE04M-MFG)
Added Component: Designator=SW?(FP-EVQ-PAE04M-MFG)
Added Component: Designator=SW?(FP-EVQ-PAE04M-MFG)
Added Component: Designator=U?(P8+2)
Added Component: Designator=U?(N0016A)
Added Pin To Net: NetName=GND Pin=U?-4
Added Pin To Net: NetName=GND Pin=U?-8
Added Pin To Net: NetName=GND Pin=U?-22
Added Net: Name=GND
Added Pin To Net: NetName=NetC1_1 Pin=U?-9
Added Pin To Net: NetName=NetC1_1 Pin=U?-10
Added Net: Name=NetC1_1
Added Net: Name=NetC1_2
Added Pin To Net: NetName=NetJ2_1 Pin=U?-16
Added Net: Name=NetJ2_1
Add Net: Net with name "NetJ2_1" already exists
Added Pin To Net: NetName=NetJ2_2 Pin=U?-15
Added Net: Name=NetJ2_2
Add Net: Net with name "NetJ2_2" already exists
Added Pin To Net: NetName=NetJ2_3 Pin=U?-14
Added Net: Name=NetJ2_3
Added Pin To Net: NetName=NetJ2_4 Pin=U?-12
Added Net: Name=NetJ2_4
Add Net: Net with name "NetJ2_4" already exists
Added Pin To Net: NetName=NetQ2_1 Pin=Q2-1
Added Pin To Net: NetName=NetQ2_1 Pin=U?-2
Added Net: Name=NetQ2_1
Added Pin To Net: NetName=NetQ2_2 Pin=Q2-2
Added Pin To Net: NetName=NetQ2_2 Pin=U?-1
Added Net: Name=NetQ2_2
Added Pin To Net: NetName=NetR1_1 Pin=R1-1
Added Net: Name=NetR1_1
Added Pin To Net: NetName=NetR1_2 Pin=R1-2
Added Net: Name=NetR1_2
Added Pin To Net: NetName=NetR5_1 Pin=R5-1
Added Net: Name=NetR5_1
Added Pin To Net: NetName=NetR5_2 Pin=R5-2
Added Net: Name=NetR5_2
Added Pin To Net: NetName=NetR6_1 Pin=R6-1
Added Net: Name=NetR6_1
Added Net: Name=NetSW?_A
Added Pin To Net: NetName=NetU?_1 Pin=U?-1
Added Pin To Net: NetName=NetU?_1 Pin=U?-19
Added Net: Name=NetU?_1
Added Pin To Net: NetName=NetU?_2 Pin=U?-2
Added Pin To Net: NetName=NetU?_2 Pin=U?-18
Added Net: Name=NetU?_2
Added Pin To Net: NetName=NetU?_3 Pin=U?-3
Added Pin To Net: NetName=NetU?_3 Pin=U?-17
Added Net: Name=NetU?_3
Added Pin To Net: NetName=NetU?_4 Pin=U?-4
Added Pin To Net: NetName=NetU?_4 Pin=U?-7
Added Net: Name=NetU?_4
Add Net: Net with name "NetU?_4" already exists
Added Pin To Net: NetName=NetU?_5 Pin=U?-5
Added Pin To Net: NetName=NetU?_5 Pin=U?-15
Added Net: Name=NetU?_5
Added Pin To Net: NetName=NetU?_6 Pin=U?-6
Added Pin To Net: NetName=NetU?_6 Pin=U?-14
Added Net: Name=NetU?_6
Add Class Member: Failed to add class member : Component C1 C315C220K1G5TA
Add Class Member: Failed to add class member : Component C2 C315C220K1G5TA
Add Class Member: Failed to add class member : Component C3 C322C104K5R5TA
Add Class Member: Failed to add class member : Component J2 DISPLAY
Add Class Member: Failed to add class member : Component J2 MOTOR
Add Class Member: Failed to add class member : Component Q1 FOXSLF/160-20
Added Member To Class: ClassName=PCB1 Member=Component Q2 LFXTAL020408BULK
Added Member To Class: ClassName=PCB1 Member=Component R1 MF1_4DCT52R4701F
Added Member To Class: ClassName=PCB1 Member=Component R2 MF1_4DCT52R4701F
Added Member To Class: ClassName=PCB1 Member=Component R4 MF1_4DCT52R4701F
Added Member To Class: ClassName=PCB1 Member=Component R5 MF1_4DCT52R4701F
Added Member To Class: ClassName=PCB1 Member=Component R6 MF1_4DCT52R4701F
Add Class Member: Failed to add class member : Component SW? EVQ-PAE04M
Add Class Member: Failed to add class member : Component SW? EVQ-PAE04M
Add Class Member: Failed to add class member : Component SW? EVQ-PAE04M
Added Member To Class: ClassName=PCB1 Member=Component U? ATmega328-PU
Added Member To Class: ClassName=PCB1 Member=Component U? DS1307+
