Change Component Comment : Designator=R1 Old Comment=4.7K New Comment=MFR-25FBF52-4K75
Change Component Comment : Designator=R2 Old Comment=4.7K New Comment=MFR-25FBF52-4K75
Change Component Comment : Designator=J3 Old Comment=DISPLAY New Comment=MMS-104-01-T-SV
Change Component Comment : Designator=J2 Old Comment=MOTOR New Comment=SQT-105-01-L-S-RA
Added Component: Designator=J1(FP-1801-0-15-15-30-27-04-MFG)
Add component (AddParameter): Name = "Automotive"; Value = "No"; VariantName = "[No Variations]"
Add component (AddParameter): Name = "Category"; Value = "Conn"; VariantName = "[No Variations]"
Add component (AddParameter): Name = "ComponentLink2Description"; Value = "Datasheet"; VariantName = "[No Variations]"
Add component (AddParameter): Name = "ComponentLink2URL"; Value = "https://www.mill-max.com/products/datasheet/recpin/1801-0-15-15-30-27-04-0"; VariantName = "[No Variations]"
Add component (AddParameter): Name = "Conn Orientation"; Value = "Straight"; VariantName = "[No Variations]"
Add component (AddParameter): Name = "Contact Material"; Value = "Gold,Nickel"; VariantName = "[No Variations]"
Add component (AddParameter): Name = "Current Rating"; Value = "3A"; VariantName = "[No Variations]"
Add component (AddParameter): Name = "Device Class L1"; Value = "Connectors"; VariantName = "[No Variations]"
Add component (AddParameter): Name = "Device Class L2"; Value = "unset"; VariantName = "[No Variations]"
Add component (AddParameter): Name = "Device Class L3"; Value = "unset"; VariantName = "[No Variations]"
Add component (AddParameter): Name = "Digikey Description"; Value = "CONN PIN RCPT .015-.025 PRESSFIT"; VariantName = "[No Variations]"
Add component (AddParameter): Name = "Height"; Value = "4.32mm"; VariantName = "[No Variations]"
Add component (AddParameter): Name = "Is Female"; Value = "yes"; VariantName = "[No Variations]"
Add component (AddParameter): Name = "Lead Free"; Value = "Yes"; VariantName = "[No Variations]"
Add component (AddParameter): Name = "Manufacturer"; Value = "Mill-Max"; VariantName = "[No Variations]"
Add component (AddParameter): Name = "Manufacturer Part Number"; Value = "1801-0-15-15-30-27-04-0"; VariantName = "[No Variations]"
Add component (AddParameter): Name = "Mouser Description"; Value = "Circuit Board Hardware - PCB 10u AU OVER NI 30 CON"; VariantName = "[No Variations]"
Add component (AddParameter): Name = "Number Of Contacts"; Value = "1"; VariantName = "[No Variations]"
Add component (AddParameter): Name = "Octopart"; Value = "https://octopart.com/1801-0-15-15-30-27-04-0-mill-max-1175098"; VariantName = "[No Variations]"
Add component (AddParameter): Name = "Package"; Value = "1801-0-15-15-30-27-04-0"; VariantName = "[No Variations]"
Add component (AddParameter): Name = "RoHS"; Value = "TRUE"; VariantName = "[No Variations]"
Add component (AddParameter): Name = "Temperature"; Value = "-55°C to +125°C"; VariantName = "[No Variations]"
Add component (AddParameter): Name = "Temperature Range High"; Value = "+125°C"; VariantName = "[No Variations]"
Add component (AddParameter): Name = "Temperature Range Low"; Value = "-55°C"; VariantName = "[No Variations]"
Added Pin To Net: NetName=NetJ1_1 Pin=J1-1
Added Pin To Net: NetName=NetJ1_1 Pin=MC-23
Added Net: Name=NetJ1_1
Added Member To Class: ClassName=PCB1 Member=Component J1 1801-0-15-15-30-27-04-0
